[0.311s] Invoking command in '/home/reuben/ros2_ws/src/mini_projects/warmup_project/build/warmup_project': PYTHONPATH=/home/reuben/ros2_ws/src/mini_projects/warmup_project/build/warmup_project/prefix_override:/home/reuben/ros2_ws/src/mini_projects/warmup_project/install/warmup_project/lib/python3.10/site-packages:${PYTHONPATH} /usr/bin/python3 setup.py develop --editable --build-directory /home/reuben/ros2_ws/src/mini_projects/warmup_project/build/warmup_project/build --no-deps install_data
[0.443s] running develop
[0.443s] /usr/lib/python3/dist-packages/setuptools/command/easy_install.py:158: EasyInstallDeprecationWarning: easy_install command is deprecated. Use build and pip and other standards-based tools.
[0.443s]   warnings.warn(
[0.444s] /usr/lib/python3/dist-packages/setuptools/command/install.py:34: SetuptoolsDeprecationWarning: setup.py install is deprecated. Use build and pip and other standards-based tools.
[0.444s]   warnings.warn(
[0.516s] running egg_info
[0.516s] writing warmup_project.egg-info/PKG-INFO
[0.516s] writing dependency_links to warmup_project.egg-info/dependency_links.txt
[0.516s] writing entry points to warmup_project.egg-info/entry_points.txt
[0.517s] writing requirements to warmup_project.egg-info/requires.txt
[0.517s] writing top-level names to warmup_project.egg-info/top_level.txt
[0.518s] reading manifest file 'warmup_project.egg-info/SOURCES.txt'
[0.518s] writing manifest file 'warmup_project.egg-info/SOURCES.txt'
[0.519s] running build_ext
[0.519s] Creating /home/reuben/ros2_ws/src/mini_projects/warmup_project/install/warmup_project/lib/python3.10/site-packages/warmup-project.egg-link (link to .)
[0.520s] Installing teleop script to /home/reuben/ros2_ws/src/mini_projects/warmup_project/install/warmup_project/lib/warmup_project
[0.520s] 
[0.520s] Installed /home/reuben/ros2_ws/src/mini_projects/warmup_project/build/warmup_project
[0.520s] running install_data
[0.535s] Invoked command in '/home/reuben/ros2_ws/src/mini_projects/warmup_project/build/warmup_project' returned '0': PYTHONPATH=/home/reuben/ros2_ws/src/mini_projects/warmup_project/build/warmup_project/prefix_override:/home/reuben/ros2_ws/src/mini_projects/warmup_project/install/warmup_project/lib/python3.10/site-packages:${PYTHONPATH} /usr/bin/python3 setup.py develop --editable --build-directory /home/reuben/ros2_ws/src/mini_projects/warmup_project/build/warmup_project/build --no-deps install_data
