[0.264s] DEBUG:colcon:Command line arguments: ['/usr/bin/colcon', 'build', '--symlink-install']
[0.264s] DEBUG:colcon:Parsed command line arguments: Namespace(log_base=None, log_level=None, verb_name='build', build_base='build', install_base='install', merge_install=False, symlink_install=True, test_result_base=None, continue_on_error=False, executor='parallel', parallel_workers=4, event_handlers=None, ignore_user_meta=False, metas=['./colcon.meta'], base_paths=['.'], packages_ignore=None, packages_ignore_regex=None, paths=None, packages_up_to=None, packages_up_to_regex=None, packages_above=None, packages_above_and_dependencies=None, packages_above_depth=None, packages_select_by_dep=None, packages_skip_by_dep=None, packages_skip_up_to=None, packages_select_build_failed=False, packages_skip_build_finished=False, packages_select_test_failures=False, packages_skip_test_passed=False, packages_select=None, packages_skip=None, packages_select_regex=None, packages_skip_regex=None, packages_start=None, packages_end=None, allow_overriding=[], cmake_args=None, cmake_target=None, cmake_target_skip_unavailable=False, cmake_clean_cache=False, cmake_clean_first=False, cmake_force_configure=False, ament_cmake_args=None, catkin_cmake_args=None, catkin_skip_building_tests=False, verb_parser=<colcon_defaults.argument_parser.defaults.DefaultArgumentsDecorator object at 0x7f4599ced7e0>, verb_extension=<colcon_core.verb.build.BuildVerb object at 0x7f459a54c670>, main=<bound method BuildVerb.main of <colcon_core.verb.build.BuildVerb object at 0x7f459a54c670>>)
[0.302s] Level 1:colcon.colcon_core.package_discovery:discover_packages(colcon_meta) check parameters
[0.302s] Level 1:colcon.colcon_core.package_discovery:discover_packages(recursive) check parameters
[0.302s] Level 1:colcon.colcon_core.package_discovery:discover_packages(ignore) check parameters
[0.302s] Level 1:colcon.colcon_core.package_discovery:discover_packages(path) check parameters
[0.302s] Level 1:colcon.colcon_core.package_discovery:discover_packages(colcon_meta) discover
[0.302s] Level 1:colcon.colcon_core.package_discovery:discover_packages(recursive) discover
[0.302s] INFO:colcon.colcon_core.package_discovery:Crawling recursively for packages in '/home/reuben/ros2_ws/src/mini_projects/warmup_project'
[0.302s] Level 1:colcon.colcon_core.package_identification:_identify(.) by extensions ['ignore', 'ignore_ament_install']
[0.302s] Level 1:colcon.colcon_core.package_identification:_identify(.) by extension 'ignore'
[0.302s] Level 1:colcon.colcon_core.package_identification:_identify(.) by extension 'ignore_ament_install'
[0.302s] Level 1:colcon.colcon_core.package_identification:_identify(.) by extensions ['colcon_pkg']
[0.302s] Level 1:colcon.colcon_core.package_identification:_identify(.) by extension 'colcon_pkg'
[0.302s] Level 1:colcon.colcon_core.package_identification:_identify(.) by extensions ['colcon_meta']
[0.302s] Level 1:colcon.colcon_core.package_identification:_identify(.) by extension 'colcon_meta'
[0.302s] Level 1:colcon.colcon_core.package_identification:_identify(.) by extensions ['ros']
[0.302s] Level 1:colcon.colcon_core.package_identification:_identify(.) by extension 'ros'
[0.311s] DEBUG:colcon.colcon_core.package_identification:Package '.' with type 'ros.ament_python' and name 'warmup_project'
[0.311s] Level 1:colcon.colcon_core.package_discovery:discover_packages(recursive) using defaults
[0.311s] Level 1:colcon.colcon_core.package_discovery:discover_packages(ignore) discover
[0.311s] Level 1:colcon.colcon_core.package_discovery:discover_packages(ignore) using defaults
[0.311s] Level 1:colcon.colcon_core.package_discovery:discover_packages(path) discover
[0.311s] Level 1:colcon.colcon_core.package_discovery:discover_packages(path) using defaults
[0.332s] Level 1:colcon.colcon_core.package_discovery:discover_packages(prefix_path) check parameters
[0.332s] Level 1:colcon.colcon_core.package_discovery:discover_packages(prefix_path) discover
[0.336s] DEBUG:colcon.colcon_installed_package_information.package_discovery:Found 15 installed packages in /home/reuben/ros2_ws/install
[0.338s] DEBUG:colcon.colcon_installed_package_information.package_discovery:Found 338 installed packages in /opt/ros/humble
[0.340s] Level 1:colcon.colcon_core.package_discovery:discover_packages(prefix_path) using defaults
[0.416s] Level 5:colcon.colcon_core.verb:set package 'warmup_project' build argument 'cmake_args' from command line to 'None'
[0.416s] Level 5:colcon.colcon_core.verb:set package 'warmup_project' build argument 'cmake_target' from command line to 'None'
[0.416s] Level 5:colcon.colcon_core.verb:set package 'warmup_project' build argument 'cmake_target_skip_unavailable' from command line to 'False'
[0.416s] Level 5:colcon.colcon_core.verb:set package 'warmup_project' build argument 'cmake_clean_cache' from command line to 'False'
[0.416s] Level 5:colcon.colcon_core.verb:set package 'warmup_project' build argument 'cmake_clean_first' from command line to 'False'
[0.416s] Level 5:colcon.colcon_core.verb:set package 'warmup_project' build argument 'cmake_force_configure' from command line to 'False'
[0.416s] Level 5:colcon.colcon_core.verb:set package 'warmup_project' build argument 'ament_cmake_args' from command line to 'None'
[0.416s] Level 5:colcon.colcon_core.verb:set package 'warmup_project' build argument 'catkin_cmake_args' from command line to 'None'
[0.416s] Level 5:colcon.colcon_core.verb:set package 'warmup_project' build argument 'catkin_skip_building_tests' from command line to 'False'
[0.416s] DEBUG:colcon.colcon_core.verb:Building package 'warmup_project' with the following arguments: {'ament_cmake_args': None, 'build_base': '/home/reuben/ros2_ws/src/mini_projects/warmup_project/build/warmup_project', 'catkin_cmake_args': None, 'catkin_skip_building_tests': False, 'cmake_args': None, 'cmake_clean_cache': False, 'cmake_clean_first': False, 'cmake_force_configure': False, 'cmake_target': None, 'cmake_target_skip_unavailable': False, 'install_base': '/home/reuben/ros2_ws/src/mini_projects/warmup_project/install/warmup_project', 'merge_install': False, 'path': '/home/reuben/ros2_ws/src/mini_projects/warmup_project', 'symlink_install': True, 'test_result_base': None}
[0.417s] INFO:colcon.colcon_core.executor:Executing jobs using 'parallel' executor
[0.420s] DEBUG:colcon.colcon_parallel_executor.executor.parallel:run_until_complete
[0.420s] INFO:colcon.colcon_ros.task.ament_python.build:Building ROS package in '/home/reuben/ros2_ws/src/mini_projects/warmup_project' with build type 'ament_python'
[0.420s] Level 1:colcon.colcon_core.shell:create_environment_hook('warmup_project', 'ament_prefix_path')
[0.427s] INFO:colcon.colcon_core.plugin_system:Skipping extension 'colcon_core.shell.bat': Not used on non-Windows systems
[0.427s] INFO:colcon.colcon_core.shell:Creating environment hook '/home/reuben/ros2_ws/src/mini_projects/warmup_project/install/warmup_project/share/warmup_project/hook/ament_prefix_path.ps1'
[0.428s] INFO:colcon.colcon_core.shell:Creating environment descriptor '/home/reuben/ros2_ws/src/mini_projects/warmup_project/install/warmup_project/share/warmup_project/hook/ament_prefix_path.dsv'
[0.428s] INFO:colcon.colcon_core.shell:Creating environment hook '/home/reuben/ros2_ws/src/mini_projects/warmup_project/install/warmup_project/share/warmup_project/hook/ament_prefix_path.sh'
[0.430s] INFO:colcon.colcon_core.shell:Skip shell extension 'powershell' for command environment: Not usable outside of PowerShell
[0.430s] DEBUG:colcon.colcon_core.shell:Skip shell extension 'dsv' for command environment
[0.570s] INFO:colcon.colcon_core.task.python.build:Building Python package in '/home/reuben/ros2_ws/src/mini_projects/warmup_project'
[0.572s] INFO:colcon.colcon_core.shell:Skip shell extension 'powershell' for command environment: Not usable outside of PowerShell
[0.572s] DEBUG:colcon.colcon_core.shell:Skip shell extension 'dsv' for command environment
[0.774s] DEBUG:colcon.colcon_core.event_handler.log_command:Invoking command in '/home/reuben/ros2_ws/src/mini_projects/warmup_project/build/warmup_project': PYTHONPATH=/home/reuben/ros2_ws/src/mini_projects/warmup_project/build/warmup_project/prefix_override:/home/reuben/ros2_ws/src/mini_projects/warmup_project/install/warmup_project/lib/python3.10/site-packages:${PYTHONPATH} /usr/bin/python3 setup.py develop --editable --build-directory /home/reuben/ros2_ws/src/mini_projects/warmup_project/build/warmup_project/build --no-deps install_data
[1.003s] Level 1:colcon.colcon_core.shell:create_environment_hook('warmup_project', 'pythonpath_develop')
[1.004s] INFO:colcon.colcon_core.shell:Creating environment hook '/home/reuben/ros2_ws/src/mini_projects/warmup_project/build/warmup_project/share/warmup_project/hook/pythonpath_develop.ps1'
[1.004s] DEBUG:colcon.colcon_core.event_handler.log_command:Invoked command in '/home/reuben/ros2_ws/src/mini_projects/warmup_project/build/warmup_project' returned '0': PYTHONPATH=/home/reuben/ros2_ws/src/mini_projects/warmup_project/build/warmup_project/prefix_override:/home/reuben/ros2_ws/src/mini_projects/warmup_project/install/warmup_project/lib/python3.10/site-packages:${PYTHONPATH} /usr/bin/python3 setup.py develop --editable --build-directory /home/reuben/ros2_ws/src/mini_projects/warmup_project/build/warmup_project/build --no-deps install_data
[1.004s] INFO:colcon.colcon_core.shell:Creating environment descriptor '/home/reuben/ros2_ws/src/mini_projects/warmup_project/build/warmup_project/share/warmup_project/hook/pythonpath_develop.dsv'
[1.004s] INFO:colcon.colcon_core.shell:Creating environment hook '/home/reuben/ros2_ws/src/mini_projects/warmup_project/build/warmup_project/share/warmup_project/hook/pythonpath_develop.sh'
[1.012s] Level 1:colcon.colcon_core.environment:checking '/home/reuben/ros2_ws/src/mini_projects/warmup_project/install/warmup_project' for CMake module files
[1.012s] Level 1:colcon.colcon_core.environment:checking '/home/reuben/ros2_ws/src/mini_projects/warmup_project/install/warmup_project' for CMake config files
[1.012s] Level 1:colcon.colcon_core.environment:checking '/home/reuben/ros2_ws/src/mini_projects/warmup_project/install/warmup_project/lib'
[1.012s] Level 1:colcon.colcon_core.environment:checking '/home/reuben/ros2_ws/src/mini_projects/warmup_project/install/warmup_project/bin'
[1.012s] Level 1:colcon.colcon_core.environment:checking '/home/reuben/ros2_ws/src/mini_projects/warmup_project/install/warmup_project/lib/pkgconfig/warmup_project.pc'
[1.013s] Level 1:colcon.colcon_core.environment:checking '/home/reuben/ros2_ws/src/mini_projects/warmup_project/install/warmup_project/lib/python3.10/site-packages'
[1.013s] Level 1:colcon.colcon_core.shell:create_environment_hook('warmup_project', 'pythonpath')
[1.013s] INFO:colcon.colcon_core.shell:Creating environment hook '/home/reuben/ros2_ws/src/mini_projects/warmup_project/install/warmup_project/share/warmup_project/hook/pythonpath.ps1'
[1.013s] INFO:colcon.colcon_core.shell:Creating environment descriptor '/home/reuben/ros2_ws/src/mini_projects/warmup_project/install/warmup_project/share/warmup_project/hook/pythonpath.dsv'
[1.013s] INFO:colcon.colcon_core.shell:Creating environment hook '/home/reuben/ros2_ws/src/mini_projects/warmup_project/install/warmup_project/share/warmup_project/hook/pythonpath.sh'
[1.014s] Level 1:colcon.colcon_core.environment:checking '/home/reuben/ros2_ws/src/mini_projects/warmup_project/install/warmup_project/bin'
[1.014s] Level 1:colcon.colcon_core.environment:create_environment_scripts_only(warmup_project)
[1.015s] INFO:colcon.colcon_core.shell:Creating package script '/home/reuben/ros2_ws/src/mini_projects/warmup_project/install/warmup_project/share/warmup_project/package.ps1'
[1.015s] INFO:colcon.colcon_core.shell:Creating package descriptor '/home/reuben/ros2_ws/src/mini_projects/warmup_project/install/warmup_project/share/warmup_project/package.dsv'
[1.016s] INFO:colcon.colcon_core.shell:Creating package script '/home/reuben/ros2_ws/src/mini_projects/warmup_project/install/warmup_project/share/warmup_project/package.sh'
[1.017s] INFO:colcon.colcon_core.shell:Creating package script '/home/reuben/ros2_ws/src/mini_projects/warmup_project/install/warmup_project/share/warmup_project/package.bash'
[1.018s] INFO:colcon.colcon_core.shell:Creating package script '/home/reuben/ros2_ws/src/mini_projects/warmup_project/install/warmup_project/share/warmup_project/package.zsh'
[1.018s] Level 1:colcon.colcon_core.environment:create_file_with_runtime_dependencies(/home/reuben/ros2_ws/src/mini_projects/warmup_project/install/warmup_project/share/colcon-core/packages/warmup_project)
[1.018s] DEBUG:colcon.colcon_parallel_executor.executor.parallel:closing loop
[1.019s] DEBUG:colcon.colcon_parallel_executor.executor.parallel:loop closed
[1.019s] DEBUG:colcon.colcon_parallel_executor.executor.parallel:run_until_complete finished with '0'
[1.019s] DEBUG:colcon.colcon_core.event_reactor:joining thread
[1.024s] INFO:colcon.colcon_core.plugin_system:Skipping extension 'colcon_notification.desktop_notification.terminal_notifier': Not used on non-Darwin systems
[1.024s] INFO:colcon.colcon_core.plugin_system:Skipping extension 'colcon_notification.desktop_notification.win32': Not used on non-Windows systems
[1.025s] INFO:colcon.colcon_notification.desktop_notification:Sending desktop notification using 'notify2'
[1.025s] DEBUG:colcon.colcon_notification.desktop_notification.notify2:Failed to initialize notify2: org.freedesktop.DBus.Error.ServiceUnknown: The name org.freedesktop.Notifications was not provided by any .service files
[1.025s] DEBUG:colcon.colcon_core.event_reactor:joined thread
[1.026s] INFO:colcon.colcon_core.shell:Creating prefix script '/home/reuben/ros2_ws/src/mini_projects/warmup_project/install/local_setup.ps1'
[1.027s] INFO:colcon.colcon_core.shell:Creating prefix util module '/home/reuben/ros2_ws/src/mini_projects/warmup_project/install/_local_setup_util_ps1.py'
[1.028s] INFO:colcon.colcon_core.shell:Creating prefix chain script '/home/reuben/ros2_ws/src/mini_projects/warmup_project/install/setup.ps1'
[1.029s] INFO:colcon.colcon_core.shell:Creating prefix script '/home/reuben/ros2_ws/src/mini_projects/warmup_project/install/local_setup.sh'
[1.030s] INFO:colcon.colcon_core.shell:Creating prefix util module '/home/reuben/ros2_ws/src/mini_projects/warmup_project/install/_local_setup_util_sh.py'
[1.030s] INFO:colcon.colcon_core.shell:Creating prefix chain script '/home/reuben/ros2_ws/src/mini_projects/warmup_project/install/setup.sh'
[1.031s] INFO:colcon.colcon_core.shell:Creating prefix script '/home/reuben/ros2_ws/src/mini_projects/warmup_project/install/local_setup.bash'
[1.032s] INFO:colcon.colcon_core.shell:Creating prefix chain script '/home/reuben/ros2_ws/src/mini_projects/warmup_project/install/setup.bash'
[1.034s] INFO:colcon.colcon_core.shell:Creating prefix script '/home/reuben/ros2_ws/src/mini_projects/warmup_project/install/local_setup.zsh'
[1.035s] INFO:colcon.colcon_core.shell:Creating prefix chain script '/home/reuben/ros2_ws/src/mini_projects/warmup_project/install/setup.zsh'
